生成启动时间为 2023/6/6 13:54:44。
     1>项目“D:\Documents\Visual Studio 2010\Projects\2022fi\2023fi\2023fi.vcxproj”在节点 2 上(build 个目标)。
     1>InitializeBuildStatus:
         正在创建“Debug\2023fi.unsuccessfulbuild”，因为已指定“AlwaysCreate”。
       ClCompile:
         所有输出均为最新。
         D:\vs\VC\bin\CL.exe /c /ZI /nologo /W3 /WX- /Od /Oy- /D WIN32 /D _WINDOWS /D _DEBUG /D _UNICODE /D UNICODE /D _AFXDLL /Gm /EHsc /RTC1 /MDd /GS /fp:precise /Zc:wchar_t /Zc:forScope /Yu"StdAfx.h" /Fp"Debug\2023fi.pch" /Fo"Debug\\" /Fd"Debug\vc100.pdb" /Gd /TP /analyze- /errorReport:prompt 2023fi.cpp 2023fiDoc.cpp 2023fiView.cpp Dialog1.cpp MainFrm.cpp
         Dialog1.cpp
         正在生成代码...
         正在编译...
         MainFrm.cpp
         2023fiView.cpp
     1>d:\documents\visual studio 2010\projects\2022fi\2023fi\2023fiview.cpp(4): warning C4627: “#include "Resource.h"”: 在查找预编译头使用时跳过
                 将指令添加到“StdAfx.h”或重新生成预编译头
         2023fiDoc.cpp
         2023fi.cpp
         正在生成代码...
       ResourceCompile:
         C:\Program Files (x86)\Microsoft SDKs\Windows\v7.0A\bin\rc.exe /D _DEBUG /D _UNICODE /D UNICODE /D _AFXDLL /l"0x0804" /IDebug\ /nologo /fo"Debug\2023fi.res" 2023fi.rc 
       ManifestResourceCompile:
         所有输出均为最新。
       Link:
         D:\vs\VC\bin\link.exe /ERRORREPORT:PROMPT /OUT:"D:\Documents\Visual Studio 2010\Projects\2022fi\Debug\2023fi.exe" /INCREMENTAL /NOLOGO /MANIFEST /ManifestFile:"Debug\2023fi.exe.intermediate.manifest" /MANIFESTUAC:"level='asInvoker' uiAccess='false'" /DEBUG /PDB:"D:\Documents\Visual Studio 2010\Projects\2022fi\Debug\2023fi.pdb" /SUBSYSTEM:WINDOWS /TLBID:1 /ENTRY:"wWinMainCRTStartup" /DYNAMICBASE /NXCOMPAT /IMPLIB:"D:\Documents\Visual Studio 2010\Projects\2022fi\Debug\2023fi.lib" /MACHINE:X86 Debug\2023fi.res
         Debug\2023fi.exe.embed.manifest.res
         Debug\2023fi.obj
         Debug\2023fiDoc.obj
         Debug\2023fiView.obj
         Debug\Dialog1.obj
         Debug\MainFrm.obj
         Debug\stdafx.obj
       Manifest:
         C:\Program Files (x86)\Microsoft SDKs\Windows\v7.0A\bin\mt.exe /nologo /verbose /out:"Debug\2023fi.exe.embed.manifest" /manifest Debug\2023fi.exe.intermediate.manifest D:\vs\VC\Include\Manifest\dpiaware.manifest
         所有输出均为最新。
       LinkEmbedManifest:
         所有输出均为最新。
         2023fi.vcxproj -> D:\Documents\Visual Studio 2010\Projects\2022fi\Debug\2023fi.exe
       FinalizeBuildStatus:
         正在删除文件“Debug\2023fi.unsuccessfulbuild”。
         正在对“Debug\2023fi.lastbuildstate”执行 Touch 任务。
     1>已完成生成项目“D:\Documents\Visual Studio 2010\Projects\2022fi\2023fi\2023fi.vcxproj”(build 个目标)的操作。

生成成功。

已用时间 00:00:01.27
